C:\USERS\PEDRO\DESKTOP\PRIMEIRA ENTREGA\DEBUG\LAIGVS10.EXE
C:\USERS\PEDRO\DESKTOP\PRIMEIRA ENTREGA\DEBUG\LAIGVS10.ILK
C:\USERS\PEDRO\DESKTOP\PRIMEIRA ENTREGA\DEBUG\LAIGVS10.PDB
C:\USERS\PEDRO\DESKTOP\PRIMEIRA ENTREGA\LAIGVS10\DEBUG\APPEARANCE.OBJ
C:\USERS\PEDRO\DESKTOP\PRIMEIRA ENTREGA\LAIGVS10\DEBUG\CAMERA.OBJ
C:\Users\Pedro\Desktop\primeira entrega\LAIGvs10\Debug\cl.command.1.tlog
C:\Users\Pedro\Desktop\primeira entrega\LAIGvs10\Debug\CL.read.1.tlog
C:\Users\Pedro\Desktop\primeira entrega\LAIGvs10\Debug\CL.write.1.tlog
C:\USERS\PEDRO\DESKTOP\PRIMEIRA ENTREGA\LAIGVS10\DEBUG\GLOBALS.OBJ
C:\USERS\PEDRO\DESKTOP\PRIMEIRA ENTREGA\LAIGVS10\DEBUG\GRAPH.OBJ
C:\USERS\PEDRO\DESKTOP\PRIMEIRA ENTREGA\LAIGVS10\DEBUG\LAIGVS10.EXE.INTERMEDIATE.MANIFEST
C:\Users\Pedro\Desktop\primeira entrega\LAIGvs10\Debug\LAIGvs10.write.1.tlog
C:\USERS\PEDRO\DESKTOP\PRIMEIRA ENTREGA\LAIGVS10\DEBUG\LIGHT.OBJ
C:\Users\Pedro\Desktop\primeira entrega\LAIGvs10\Debug\link.command.1.tlog
C:\Users\Pedro\Desktop\primeira entrega\LAIGvs10\Debug\link.read.1.tlog
C:\Users\Pedro\Desktop\primeira entrega\LAIGvs10\Debug\link.read.2.tlog
C:\Users\Pedro\Desktop\primeira entrega\LAIGvs10\Debug\link.write.1.tlog
C:\USERS\PEDRO\DESKTOP\PRIMEIRA ENTREGA\LAIGVS10\DEBUG\MAIN.OBJ
C:\Users\Pedro\Desktop\primeira entrega\LAIGvs10\Debug\mt.command.1.tlog
C:\Users\Pedro\Desktop\primeira entrega\LAIGvs10\Debug\mt.read.1.tlog
C:\Users\Pedro\Desktop\primeira entrega\LAIGvs10\Debug\mt.write.1.tlog
C:\USERS\PEDRO\DESKTOP\PRIMEIRA ENTREGA\LAIGVS10\DEBUG\NODE.OBJ
C:\USERS\PEDRO\DESKTOP\PRIMEIRA ENTREGA\LAIGVS10\DEBUG\ORTHOCAMERA.OBJ
C:\USERS\PEDRO\DESKTOP\PRIMEIRA ENTREGA\LAIGVS10\DEBUG\PERSPECTIVECAMERA.OBJ
C:\USERS\PEDRO\DESKTOP\PRIMEIRA ENTREGA\LAIGVS10\DEBUG\ROTATION.OBJ
C:\USERS\PEDRO\DESKTOP\PRIMEIRA ENTREGA\LAIGVS10\DEBUG\SCALING.OBJ
C:\USERS\PEDRO\DESKTOP\PRIMEIRA ENTREGA\LAIGVS10\DEBUG\SCENECYLINDER.OBJ
C:\USERS\PEDRO\DESKTOP\PRIMEIRA ENTREGA\LAIGVS10\DEBUG\SCENEOBJECT.OBJ
C:\USERS\PEDRO\DESKTOP\PRIMEIRA ENTREGA\LAIGVS10\DEBUG\SCENERECTANGLE.OBJ
C:\USERS\PEDRO\DESKTOP\PRIMEIRA ENTREGA\LAIGVS10\DEBUG\SCENESPHERE.OBJ
C:\USERS\PEDRO\DESKTOP\PRIMEIRA ENTREGA\LAIGVS10\DEBUG\SCENETORUS.OBJ
C:\USERS\PEDRO\DESKTOP\PRIMEIRA ENTREGA\LAIGVS10\DEBUG\SCENETRIANGLE.OBJ
C:\USERS\PEDRO\DESKTOP\PRIMEIRA ENTREGA\LAIGVS10\DEBUG\TEXTURE.OBJ
C:\USERS\PEDRO\DESKTOP\PRIMEIRA ENTREGA\LAIGVS10\DEBUG\TINYSTR.OBJ
C:\USERS\PEDRO\DESKTOP\PRIMEIRA ENTREGA\LAIGVS10\DEBUG\TINYXML.OBJ
C:\USERS\PEDRO\DESKTOP\PRIMEIRA ENTREGA\LAIGVS10\DEBUG\TINYXMLERROR.OBJ
C:\USERS\PEDRO\DESKTOP\PRIMEIRA ENTREGA\LAIGVS10\DEBUG\TINYXMLPARSER.OBJ
C:\USERS\PEDRO\DESKTOP\PRIMEIRA ENTREGA\LAIGVS10\DEBUG\TPINTERFACE.OBJ
C:\USERS\PEDRO\DESKTOP\PRIMEIRA ENTREGA\LAIGVS10\DEBUG\TRANSFORMATION.OBJ
C:\USERS\PEDRO\DESKTOP\PRIMEIRA ENTREGA\LAIGVS10\DEBUG\TRANSLATION.OBJ
C:\Users\Pedro\Desktop\primeira entrega\LAIGvs10\Debug\vc100.idb
C:\USERS\PEDRO\DESKTOP\PRIMEIRA ENTREGA\LAIGVS10\DEBUG\VC100.PDB
C:\USERS\PEDRO\DESKTOP\PRIMEIRA ENTREGA\LAIGVS10\DEBUG\XMLSCENE.OBJ
