C:\USERS\ZEPHIRO309\DESKTOP\SYSTEM\FEUP\ANO3\SEMESTRE1\LAIG\REPO\TERCEIRA ENTREGA\LAIGVS10\DEBUG\ANIMATION.OBJ
C:\USERS\ZEPHIRO309\DESKTOP\SYSTEM\FEUP\ANO3\SEMESTRE1\LAIG\REPO\TERCEIRA ENTREGA\LAIGVS10\DEBUG\APPEARANCE.OBJ
C:\USERS\ZEPHIRO309\DESKTOP\SYSTEM\FEUP\ANO3\SEMESTRE1\LAIG\REPO\TERCEIRA ENTREGA\LAIGVS10\DEBUG\CAMERA.OBJ
C:\Users\Zephiro309\Desktop\System\FEUP\ano3\semestre1\LAIG\repo\terceira entrega\LAIGvs10\Debug\cl.command.1.tlog
C:\Users\Zephiro309\Desktop\System\FEUP\ano3\semestre1\LAIG\repo\terceira entrega\LAIGvs10\Debug\CL.read.1.tlog
C:\Users\Zephiro309\Desktop\System\FEUP\ano3\semestre1\LAIG\repo\terceira entrega\LAIGvs10\Debug\CL.write.1.tlog
C:\USERS\ZEPHIRO309\DESKTOP\SYSTEM\FEUP\ANO3\SEMESTRE1\LAIG\REPO\TERCEIRA ENTREGA\LAIGVS10\DEBUG\CONN.OBJ
C:\USERS\ZEPHIRO309\DESKTOP\SYSTEM\FEUP\ANO3\SEMESTRE1\LAIG\REPO\TERCEIRA ENTREGA\LAIGVS10\DEBUG\FLAGSHADER.OBJ
C:\USERS\ZEPHIRO309\DESKTOP\SYSTEM\FEUP\ANO3\SEMESTRE1\LAIG\REPO\TERCEIRA ENTREGA\LAIGVS10\DEBUG\GLOBALS.OBJ
C:\USERS\ZEPHIRO309\DESKTOP\SYSTEM\FEUP\ANO3\SEMESTRE1\LAIG\REPO\TERCEIRA ENTREGA\LAIGVS10\DEBUG\GRAPH.OBJ
C:\Users\Zephiro309\Desktop\System\FEUP\ano3\semestre1\LAIG\repo\terceira entrega\LAIGvs10\Debug\LAIGvs10.exe.intermediate.manifest
C:\Users\Zephiro309\Desktop\System\FEUP\ano3\semestre1\LAIG\repo\terceira entrega\LAIGvs10\Debug\LAIGvs10.pdb
C:\Users\Zephiro309\Desktop\System\FEUP\ano3\semestre1\LAIG\repo\terceira entrega\LAIGvs10\Debug\LAIGvs10.write.1.tlog
C:\USERS\ZEPHIRO309\DESKTOP\SYSTEM\FEUP\ANO3\SEMESTRE1\LAIG\REPO\TERCEIRA ENTREGA\LAIGVS10\DEBUG\LIGHT.OBJ
C:\Users\Zephiro309\Desktop\System\FEUP\ano3\semestre1\LAIG\repo\terceira entrega\LAIGvs10\Debug\link.command.1.tlog
C:\Users\Zephiro309\Desktop\System\FEUP\ano3\semestre1\LAIG\repo\terceira entrega\LAIGvs10\Debug\link.read.1.tlog
C:\Users\Zephiro309\Desktop\System\FEUP\ano3\semestre1\LAIG\repo\terceira entrega\LAIGvs10\Debug\link.write.1.tlog
C:\USERS\ZEPHIRO309\DESKTOP\SYSTEM\FEUP\ANO3\SEMESTRE1\LAIG\REPO\TERCEIRA ENTREGA\LAIGVS10\DEBUG\MAIN.OBJ
C:\USERS\ZEPHIRO309\DESKTOP\SYSTEM\FEUP\ANO3\SEMESTRE1\LAIG\REPO\TERCEIRA ENTREGA\LAIGVS10\DEBUG\NODE.OBJ
C:\USERS\ZEPHIRO309\DESKTOP\SYSTEM\FEUP\ANO3\SEMESTRE1\LAIG\REPO\TERCEIRA ENTREGA\LAIGVS10\DEBUG\ORTHOCAMERA.OBJ
C:\USERS\ZEPHIRO309\DESKTOP\SYSTEM\FEUP\ANO3\SEMESTRE1\LAIG\REPO\TERCEIRA ENTREGA\LAIGVS10\DEBUG\PERSPECTIVECAMERA.OBJ
C:\USERS\ZEPHIRO309\DESKTOP\SYSTEM\FEUP\ANO3\SEMESTRE1\LAIG\REPO\TERCEIRA ENTREGA\LAIGVS10\DEBUG\PICKINGINTERFACE.OBJ
C:\USERS\ZEPHIRO309\DESKTOP\SYSTEM\FEUP\ANO3\SEMESTRE1\LAIG\REPO\TERCEIRA ENTREGA\LAIGVS10\DEBUG\ROTATION.OBJ
C:\USERS\ZEPHIRO309\DESKTOP\SYSTEM\FEUP\ANO3\SEMESTRE1\LAIG\REPO\TERCEIRA ENTREGA\LAIGVS10\DEBUG\SCALING.OBJ
C:\USERS\ZEPHIRO309\DESKTOP\SYSTEM\FEUP\ANO3\SEMESTRE1\LAIG\REPO\TERCEIRA ENTREGA\LAIGVS10\DEBUG\SCENEBLOCK.OBJ
C:\USERS\ZEPHIRO309\DESKTOP\SYSTEM\FEUP\ANO3\SEMESTRE1\LAIG\REPO\TERCEIRA ENTREGA\LAIGVS10\DEBUG\SCENEBOARD.OBJ
C:\USERS\ZEPHIRO309\DESKTOP\SYSTEM\FEUP\ANO3\SEMESTRE1\LAIG\REPO\TERCEIRA ENTREGA\LAIGVS10\DEBUG\SCENECYLINDER.OBJ
C:\USERS\ZEPHIRO309\DESKTOP\SYSTEM\FEUP\ANO3\SEMESTRE1\LAIG\REPO\TERCEIRA ENTREGA\LAIGVS10\DEBUG\SCENEFLAG.OBJ
C:\USERS\ZEPHIRO309\DESKTOP\SYSTEM\FEUP\ANO3\SEMESTRE1\LAIG\REPO\TERCEIRA ENTREGA\LAIGVS10\DEBUG\SCENEOBJECT.OBJ
C:\USERS\ZEPHIRO309\DESKTOP\SYSTEM\FEUP\ANO3\SEMESTRE1\LAIG\REPO\TERCEIRA ENTREGA\LAIGVS10\DEBUG\SCENEPATCH.OBJ
C:\USERS\ZEPHIRO309\DESKTOP\SYSTEM\FEUP\ANO3\SEMESTRE1\LAIG\REPO\TERCEIRA ENTREGA\LAIGVS10\DEBUG\SCENEPIECE.OBJ
C:\USERS\ZEPHIRO309\DESKTOP\SYSTEM\FEUP\ANO3\SEMESTRE1\LAIG\REPO\TERCEIRA ENTREGA\LAIGVS10\DEBUG\SCENEPLANE.OBJ
C:\USERS\ZEPHIRO309\DESKTOP\SYSTEM\FEUP\ANO3\SEMESTRE1\LAIG\REPO\TERCEIRA ENTREGA\LAIGVS10\DEBUG\SCENERECTANGLE.OBJ
C:\USERS\ZEPHIRO309\DESKTOP\SYSTEM\FEUP\ANO3\SEMESTRE1\LAIG\REPO\TERCEIRA ENTREGA\LAIGVS10\DEBUG\SCENESPHERE.OBJ
C:\USERS\ZEPHIRO309\DESKTOP\SYSTEM\FEUP\ANO3\SEMESTRE1\LAIG\REPO\TERCEIRA ENTREGA\LAIGVS10\DEBUG\SCENETORUS.OBJ
C:\USERS\ZEPHIRO309\DESKTOP\SYSTEM\FEUP\ANO3\SEMESTRE1\LAIG\REPO\TERCEIRA ENTREGA\LAIGVS10\DEBUG\SCENETRIANGLE.OBJ
C:\USERS\ZEPHIRO309\DESKTOP\SYSTEM\FEUP\ANO3\SEMESTRE1\LAIG\REPO\TERCEIRA ENTREGA\LAIGVS10\DEBUG\TEXTURE.OBJ
C:\USERS\ZEPHIRO309\DESKTOP\SYSTEM\FEUP\ANO3\SEMESTRE1\LAIG\REPO\TERCEIRA ENTREGA\LAIGVS10\DEBUG\TINYSTR.OBJ
C:\USERS\ZEPHIRO309\DESKTOP\SYSTEM\FEUP\ANO3\SEMESTRE1\LAIG\REPO\TERCEIRA ENTREGA\LAIGVS10\DEBUG\TINYXML.OBJ
C:\USERS\ZEPHIRO309\DESKTOP\SYSTEM\FEUP\ANO3\SEMESTRE1\LAIG\REPO\TERCEIRA ENTREGA\LAIGVS10\DEBUG\TINYXMLERROR.OBJ
C:\USERS\ZEPHIRO309\DESKTOP\SYSTEM\FEUP\ANO3\SEMESTRE1\LAIG\REPO\TERCEIRA ENTREGA\LAIGVS10\DEBUG\TINYXMLPARSER.OBJ
C:\USERS\ZEPHIRO309\DESKTOP\SYSTEM\FEUP\ANO3\SEMESTRE1\LAIG\REPO\TERCEIRA ENTREGA\LAIGVS10\DEBUG\TPINTERFACE.OBJ
C:\USERS\ZEPHIRO309\DESKTOP\SYSTEM\FEUP\ANO3\SEMESTRE1\LAIG\REPO\TERCEIRA ENTREGA\LAIGVS10\DEBUG\TRANSFORMATION.OBJ
C:\USERS\ZEPHIRO309\DESKTOP\SYSTEM\FEUP\ANO3\SEMESTRE1\LAIG\REPO\TERCEIRA ENTREGA\LAIGVS10\DEBUG\TRANSLATION.OBJ
C:\Users\Zephiro309\Desktop\System\FEUP\ano3\semestre1\LAIG\repo\terceira entrega\LAIGvs10\Debug\vc100.idb
C:\USERS\ZEPHIRO309\DESKTOP\SYSTEM\FEUP\ANO3\SEMESTRE1\LAIG\REPO\TERCEIRA ENTREGA\LAIGVS10\DEBUG\VC100.PDB
C:\USERS\ZEPHIRO309\DESKTOP\SYSTEM\FEUP\ANO3\SEMESTRE1\LAIG\REPO\TERCEIRA ENTREGA\LAIGVS10\DEBUG\XMLSCENE.OBJ
